2024-06-25 13:20:59,379 [main] INFO BDDCucumberProjectInEclipsce - launching browser
2024-06-25 13:21:00,935 [main] INFO BDDCucumberProjectInEclipsce - entering url
2024-06-25 13:21:03,653 [main] INFO BDDCucumberProjectInEclipsce - logging in
2024-06-25 13:21:06,769 [main] INFO BDDCucumberProjectInEclipsce - asserting the tittle
2024-06-25 13:21:06,777 [main] INFO BDDCucumberProjectInEclipsce - looging out
2024-06-25 13:21:09,877 [main] INFO BDDCucumberProjectInEclipsce - asserting the tittle
2024-06-25 13:21:09,886 [main] INFO BDDCucumberProjectInEclipsce - closing the browser
2024-06-25 13:21:10,143 [main] INFO BDDCucumberProjectInEclipsce - launching browser
2024-06-25 13:21:11,034 [main] INFO BDDCucumberProjectInEclipsce - entering url
2024-06-25 13:21:12,820 [main] INFO BDDCucumberProjectInEclipsce - logging in
2024-06-25 13:21:15,914 [main] INFO BDDCucumberProjectInEclipsce - asserting the tittle
2024-06-25 13:21:15,921 [main] INFO BDDCucumberProjectInEclipsce - looging out
2024-06-25 13:21:18,978 [main] INFO BDDCucumberProjectInEclipsce - asserting the tittle
2024-06-25 13:21:18,986 [main] INFO BDDCucumberProjectInEclipsce - closing the browser
2024-06-25 13:21:19,228 [main] INFO BDDCucumberProjectInEclipsce - launching browser
2024-06-25 13:21:20,132 [main] INFO BDDCucumberProjectInEclipsce - entering url
2024-06-25 13:21:21,827 [main] INFO BDDCucumberProjectInEclipsce - logging in
2024-06-25 13:21:24,898 [main] INFO BDDCucumberProjectInEclipsce - asserting the tittle
2024-06-25 13:21:24,907 [main] INFO BDDCucumberProjectInEclipsce - looging out
2024-06-25 13:21:27,985 [main] INFO BDDCucumberProjectInEclipsce - asserting the tittle
2024-06-25 13:21:27,992 [main] INFO BDDCucumberProjectInEclipsce - closing the browser
2024-06-25 14:06:49,576 [main] INFO BDDCucumberProjectInEclipsce - launching browser
2024-06-25 14:06:49,592 [main] INFO BDDCucumberProjectInEclipsce - entering url
2024-06-25 14:06:52,389 [main] INFO BDDCucumberProjectInEclipsce - logging in
2024-06-25 14:06:55,492 [main] INFO BDDCucumberProjectInEclipsce - asserting the tittle
2024-06-25 14:06:55,499 [main] INFO BDDCucumberProjectInEclipsce - looging out
2024-06-25 14:07:00,016 [main] INFO BDDCucumberProjectInEclipsce - asserting the tittle
2024-06-25 14:07:00,023 [main] INFO BDDCucumberProjectInEclipsce - closing the browser
2024-06-25 14:07:00,970 [main] INFO BDDCucumberProjectInEclipsce - launching browser
2024-06-25 14:07:00,972 [main] INFO BDDCucumberProjectInEclipsce - entering url
2024-06-25 14:07:02,653 [main] INFO BDDCucumberProjectInEclipsce - logging in
2024-06-25 14:07:06,880 [main] INFO BDDCucumberProjectInEclipsce - asserting the tittle
2024-06-25 14:07:06,899 [main] INFO BDDCucumberProjectInEclipsce - looging out
2024-06-25 14:08:24,731 [main] INFO BDDCucumberProjectInEclipsce - launching browser
2024-06-25 14:08:24,743 [main] INFO BDDCucumberProjectInEclipsce - entering url
2024-06-25 14:08:26,001 [main] INFO BDDCucumberProjectInEclipsce - logging in
2024-06-25 14:08:29,093 [main] INFO BDDCucumberProjectInEclipsce - asserting the tittle
2024-06-25 14:08:29,099 [main] INFO BDDCucumberProjectInEclipsce - looging out
2024-06-25 14:09:12,535 [main] INFO BDDCucumberProjectInEclipsce - launching browser
2024-06-25 14:09:12,548 [main] INFO BDDCucumberProjectInEclipsce - entering url
2024-06-25 14:09:14,954 [main] INFO BDDCucumberProjectInEclipsce - logging in
2024-06-25 14:09:18,031 [main] INFO BDDCucumberProjectInEclipsce - asserting the tittle
2024-06-25 14:09:18,039 [main] INFO BDDCucumberProjectInEclipsce - looging out
2024-06-25 14:09:21,119 [main] INFO BDDCucumberProjectInEclipsce - asserting the tittle
2024-06-25 14:09:21,129 [main] INFO BDDCucumberProjectInEclipsce - closing the browser
2024-06-25 14:09:22,218 [main] INFO BDDCucumberProjectInEclipsce - launching browser
2024-06-25 14:09:22,220 [main] INFO BDDCucumberProjectInEclipsce - entering url
2024-06-25 14:09:23,234 [main] INFO BDDCucumberProjectInEclipsce - logging in
2024-06-25 14:09:26,334 [main] INFO BDDCucumberProjectInEclipsce - asserting the tittle
2024-06-25 14:09:26,342 [main] INFO BDDCucumberProjectInEclipsce - looging out
2024-06-25 14:09:29,413 [main] INFO BDDCucumberProjectInEclipsce - asserting the tittle
2024-06-25 14:09:29,426 [main] INFO BDDCucumberProjectInEclipsce - closing the browser
2024-06-25 14:09:30,562 [main] INFO BDDCucumberProjectInEclipsce - launching browser
2024-06-25 14:09:30,563 [main] INFO BDDCucumberProjectInEclipsce - entering url
2024-06-25 14:09:32,412 [main] INFO BDDCucumberProjectInEclipsce - logging in
2024-06-25 14:09:35,671 [main] INFO BDDCucumberProjectInEclipsce - asserting the tittle
2024-06-25 14:09:35,681 [main] INFO BDDCucumberProjectInEclipsce - looging out
2024-06-25 14:09:38,736 [main] INFO BDDCucumberProjectInEclipsce - asserting the tittle
2024-06-25 14:09:38,745 [main] INFO BDDCucumberProjectInEclipsce - closing the browser
2024-06-25 14:28:38,745 [main] INFO BDDCucumberProjectInEclipsce - launching browser
2024-06-25 14:28:38,758 [main] INFO BDDCucumberProjectInEclipsce - entering url
2024-06-25 14:28:40,197 [main] INFO BDDCucumberProjectInEclipsce - logging in
2024-06-25 14:28:44,634 [main] INFO BDDCucumberProjectInEclipsce - asserting the tittle
2024-06-25 14:28:44,642 [main] INFO BDDCucumberProjectInEclipsce - looging out
2024-06-25 14:28:49,127 [main] INFO BDDCucumberProjectInEclipsce - asserting the tittle
2024-06-25 14:28:49,133 [main] INFO BDDCucumberProjectInEclipsce - closing the browser
2024-06-25 14:28:51,044 [main] INFO BDDCucumberProjectInEclipsce - launching browser
2024-06-25 14:28:51,046 [main] INFO BDDCucumberProjectInEclipsce - entering url
2024-06-25 14:28:51,751 [main] INFO BDDCucumberProjectInEclipsce - logging in
2024-06-25 14:28:56,275 [main] INFO BDDCucumberProjectInEclipsce - asserting the tittle
2024-06-25 14:28:56,284 [main] INFO BDDCucumberProjectInEclipsce - looging out
2024-06-25 14:29:00,848 [main] INFO BDDCucumberProjectInEclipsce - asserting the tittle
2024-06-25 14:29:00,853 [main] INFO BDDCucumberProjectInEclipsce - closing the browser
2024-06-25 14:29:02,473 [main] INFO BDDCucumberProjectInEclipsce - launching browser
2024-06-25 14:29:02,474 [main] INFO BDDCucumberProjectInEclipsce - entering url
2024-06-25 14:29:03,870 [main] INFO BDDCucumberProjectInEclipsce - logging in
2024-06-25 14:29:08,556 [main] INFO BDDCucumberProjectInEclipsce - asserting the tittle
2024-06-25 14:29:08,561 [main] INFO BDDCucumberProjectInEclipsce - looging out
2024-06-25 14:29:13,339 [main] INFO BDDCucumberProjectInEclipsce - asserting the tittle
2024-06-25 14:29:13,345 [main] INFO BDDCucumberProjectInEclipsce - closing the browser
2024-06-25 14:30:58,449 [main] INFO BDDCucumberProjectInEclipsce - launching browser
2024-06-25 14:30:58,471 [main] INFO BDDCucumberProjectInEclipsce - entering url
2024-06-25 14:30:59,875 [main] INFO BDDCucumberProjectInEclipsce - logging in
2024-06-25 14:31:05,012 [main] INFO BDDCucumberProjectInEclipsce - asserting the tittle
2024-06-25 14:31:05,024 [main] INFO BDDCucumberProjectInEclipsce - looging out
2024-06-25 14:31:09,571 [main] INFO BDDCucumberProjectInEclipsce - asserting the tittle
2024-06-25 14:31:09,576 [main] INFO BDDCucumberProjectInEclipsce - closing the browser
2024-06-25 14:31:12,453 [main] INFO BDDCucumberProjectInEclipsce - launching browser
2024-06-25 14:31:12,454 [main] INFO BDDCucumberProjectInEclipsce - entering url
2024-06-25 14:31:13,190 [main] INFO BDDCucumberProjectInEclipsce - logging in
2024-06-25 14:31:18,947 [main] INFO BDDCucumberProjectInEclipsce - asserting the tittle
2024-06-25 14:31:18,950 [main] INFO BDDCucumberProjectInEclipsce - looging out
2024-06-25 14:31:23,625 [main] INFO BDDCucumberProjectInEclipsce - asserting the tittle
2024-06-25 14:31:23,630 [main] INFO BDDCucumberProjectInEclipsce - closing the browser
2024-06-25 14:31:26,397 [main] INFO BDDCucumberProjectInEclipsce - launching browser
2024-06-25 14:31:26,398 [main] INFO BDDCucumberProjectInEclipsce - entering url
2024-06-25 14:31:26,950 [main] INFO BDDCucumberProjectInEclipsce - logging in
2024-06-25 14:31:31,502 [main] INFO BDDCucumberProjectInEclipsce - asserting the tittle
2024-06-25 14:31:31,506 [main] INFO BDDCucumberProjectInEclipsce - looging out
2024-06-25 14:31:35,976 [main] INFO BDDCucumberProjectInEclipsce - asserting the tittle
2024-06-25 14:31:35,978 [main] INFO BDDCucumberProjectInEclipsce - closing the browser
2024-06-25 14:38:27,686 [main] INFO BDDCucumberProjectInEclipsce - launching browser
2024-06-25 14:38:27,698 [main] INFO BDDCucumberProjectInEclipsce - entering url
2024-06-25 14:38:28,986 [main] INFO BDDCucumberProjectInEclipsce - logging in
2024-06-25 14:38:34,120 [main] INFO BDDCucumberProjectInEclipsce - asserting the tittle
2024-06-25 14:38:34,125 [main] INFO BDDCucumberProjectInEclipsce - looging out
2024-06-25 14:38:38,486 [main] INFO BDDCucumberProjectInEclipsce - asserting the tittle
2024-06-25 14:38:38,491 [main] INFO BDDCucumberProjectInEclipsce - closing the browser
2024-06-25 14:48:19,383 [main] INFO BDDCucumberProjectInEclipsce - launching browser
2024-06-25 14:48:19,395 [main] INFO BDDCucumberProjectInEclipsce - entering url
2024-06-25 14:48:20,561 [main] INFO BDDCucumberProjectInEclipsce - logging in
2024-06-25 14:48:25,443 [main] INFO BDDCucumberProjectInEclipsce - asserting the tittle
2024-06-25 14:48:25,446 [main] INFO BDDCucumberProjectInEclipsce - looging out
2024-06-25 14:48:29,709 [main] INFO BDDCucumberProjectInEclipsce - asserting the tittle
2024-06-25 14:48:29,715 [main] INFO BDDCucumberProjectInEclipsce - closing the browser
2024-06-25 14:48:32,408 [main] INFO BDDCucumberProjectInEclipsce - launching browser
2024-06-25 14:48:32,408 [main] INFO BDDCucumberProjectInEclipsce - entering url
2024-06-25 14:48:32,977 [main] INFO BDDCucumberProjectInEclipsce - logging in
2024-06-25 14:48:37,181 [main] INFO BDDCucumberProjectInEclipsce - asserting the tittle
2024-06-25 14:48:37,184 [main] INFO BDDCucumberProjectInEclipsce - looging out
2024-06-25 14:48:41,526 [main] INFO BDDCucumberProjectInEclipsce - asserting the tittle
2024-06-25 14:48:41,531 [main] INFO BDDCucumberProjectInEclipsce - closing the browser
2024-06-25 14:54:37,471 [main] INFO BDDCucumberProjectInEclipsce - launching browser
2024-06-25 14:54:37,493 [main] INFO BDDCucumberProjectInEclipsce - entering url
2024-06-25 14:54:39,283 [main] INFO BDDCucumberProjectInEclipsce - logging in
2024-06-25 14:54:46,253 [main] INFO BDDCucumberProjectInEclipsce - asserting the tittle
2024-06-25 14:54:46,258 [main] INFO BDDCucumberProjectInEclipsce - looging out
2024-06-25 14:54:50,740 [main] INFO BDDCucumberProjectInEclipsce - asserting the tittle
2024-06-25 14:54:50,743 [main] INFO BDDCucumberProjectInEclipsce - closing the browser
2024-06-25 14:54:53,551 [main] INFO BDDCucumberProjectInEclipsce - launching browser
2024-06-25 14:54:53,552 [main] INFO BDDCucumberProjectInEclipsce - entering url
2024-06-25 14:54:54,831 [main] INFO BDDCucumberProjectInEclipsce - logging in
2024-06-25 14:54:59,394 [main] INFO BDDCucumberProjectInEclipsce - asserting the tittle
2024-06-25 14:54:59,398 [main] INFO BDDCucumberProjectInEclipsce - looging out
2024-06-25 14:55:05,098 [main] INFO BDDCucumberProjectInEclipsce - asserting the tittle
2024-06-25 14:55:05,102 [main] INFO BDDCucumberProjectInEclipsce - closing the browser
2024-06-25 14:55:07,770 [main] INFO BDDCucumberProjectInEclipsce - launching browser
2024-06-25 14:55:07,771 [main] INFO BDDCucumberProjectInEclipsce - entering url
2024-06-25 14:55:08,391 [main] INFO BDDCucumberProjectInEclipsce - logging in
2024-06-25 14:55:13,479 [main] INFO BDDCucumberProjectInEclipsce - asserting the tittle
2024-06-25 14:55:13,483 [main] INFO BDDCucumberProjectInEclipsce - looging out
2024-06-25 14:55:18,016 [main] INFO BDDCucumberProjectInEclipsce - asserting the tittle
2024-06-25 14:55:18,020 [main] INFO BDDCucumberProjectInEclipsce - closing the browser
2024-06-25 14:56:26,774 [main] INFO BDDCucumberProjectInEclipsce - launching browser
2024-06-25 14:56:26,787 [main] INFO BDDCucumberProjectInEclipsce - entering url
2024-06-25 14:56:28,117 [main] INFO BDDCucumberProjectInEclipsce - logging in
2024-06-25 14:56:32,814 [main] INFO BDDCucumberProjectInEclipsce - asserting the tittle
2024-06-25 14:56:32,818 [main] INFO BDDCucumberProjectInEclipsce - looging out
2024-06-25 14:56:37,478 [main] INFO BDDCucumberProjectInEclipsce - asserting the tittle
2024-06-25 14:56:37,483 [main] INFO BDDCucumberProjectInEclipsce - closing the browser
2024-06-25 14:58:39,535 [main] INFO BDDCucumberProjectInEclipsce - launching browser
2024-06-25 14:58:39,549 [main] INFO BDDCucumberProjectInEclipsce - entering url
2024-06-25 14:58:40,162 [main] INFO BDDCucumberProjectInEclipsce - logging in
2024-06-25 14:58:45,103 [main] INFO BDDCucumberProjectInEclipsce - asserting the tittle
2024-06-25 14:58:45,108 [main] INFO BDDCucumberProjectInEclipsce - looging out
2024-06-25 14:58:49,488 [main] INFO BDDCucumberProjectInEclipsce - asserting the tittle
2024-06-25 14:58:49,494 [main] INFO BDDCucumberProjectInEclipsce - closing the browser
2024-06-25 14:58:52,147 [main] INFO BDDCucumberProjectInEclipsce - launching browser
2024-06-25 14:58:52,148 [main] INFO BDDCucumberProjectInEclipsce - entering url
2024-06-25 14:58:53,471 [main] INFO BDDCucumberProjectInEclipsce - logging in
2024-06-25 14:58:57,724 [main] INFO BDDCucumberProjectInEclipsce - asserting the tittle
2024-06-25 14:58:57,728 [main] INFO BDDCucumberProjectInEclipsce - looging out
2024-06-25 14:59:02,023 [main] INFO BDDCucumberProjectInEclipsce - asserting the tittle
2024-06-25 14:59:02,029 [main] INFO BDDCucumberProjectInEclipsce - closing the browser
2024-06-25 14:59:04,702 [main] INFO BDDCucumberProjectInEclipsce - launching browser
2024-06-25 14:59:04,703 [main] INFO BDDCucumberProjectInEclipsce - entering url
2024-06-25 14:59:05,988 [main] INFO BDDCucumberProjectInEclipsce - logging in
2024-06-25 14:59:10,331 [main] INFO BDDCucumberProjectInEclipsce - asserting the tittle
2024-06-25 14:59:10,335 [main] INFO BDDCucumberProjectInEclipsce - looging out
2024-06-25 14:59:14,616 [main] INFO BDDCucumberProjectInEclipsce - asserting the tittle
2024-06-25 14:59:14,621 [main] INFO BDDCucumberProjectInEclipsce - closing the browser
2024-06-25 16:30:40,195 [main] INFO BDDCucumberProjectInEclipsce - launching browser
2024-06-25 16:30:40,208 [main] INFO BDDCucumberProjectInEclipsce - entering url
2024-06-25 16:30:41,581 [main] INFO BDDCucumberProjectInEclipsce - logging in
2024-06-25 16:30:46,349 [main] INFO BDDCucumberProjectInEclipsce - asserting the tittle
2024-06-25 16:30:46,352 [main] INFO BDDCucumberProjectInEclipsce - looging out
2024-06-25 16:30:50,726 [main] INFO BDDCucumberProjectInEclipsce - asserting the tittle
2024-06-25 16:30:50,733 [main] INFO BDDCucumberProjectInEclipsce - closing the browser
2024-06-25 16:30:53,589 [main] INFO BDDCucumberProjectInEclipsce - launching browser
2024-06-25 16:30:53,590 [main] INFO BDDCucumberProjectInEclipsce - entering url
2024-06-25 16:30:54,813 [main] INFO BDDCucumberProjectInEclipsce - logging in
2024-06-25 16:30:59,838 [main] INFO BDDCucumberProjectInEclipsce - asserting the tittle
2024-06-25 16:30:59,844 [main] INFO BDDCucumberProjectInEclipsce - looging out
2024-06-25 16:31:04,220 [main] INFO BDDCucumberProjectInEclipsce - asserting the tittle
2024-06-25 16:31:04,226 [main] INFO BDDCucumberProjectInEclipsce - closing the browser
2024-06-25 16:31:07,063 [main] INFO BDDCucumberProjectInEclipsce - launching browser
2024-06-25 16:31:07,064 [main] INFO BDDCucumberProjectInEclipsce - entering url
2024-06-25 16:31:07,627 [main] INFO BDDCucumberProjectInEclipsce - logging in
2024-06-25 16:31:11,976 [main] INFO BDDCucumberProjectInEclipsce - asserting the tittle
2024-06-25 16:31:11,981 [main] INFO BDDCucumberProjectInEclipsce - looging out
2024-06-25 16:31:16,471 [main] INFO BDDCucumberProjectInEclipsce - asserting the tittle
2024-06-25 16:31:16,476 [main] INFO BDDCucumberProjectInEclipsce - closing the browser
2024-06-25 16:36:52,773 [main] INFO BDDCucumberProjectInEclipsce - launching browser
2024-06-25 16:36:52,785 [main] INFO BDDCucumberProjectInEclipsce - entering url
2024-06-25 16:36:53,471 [main] INFO BDDCucumberProjectInEclipsce - logging in
2024-06-25 16:36:59,487 [main] INFO BDDCucumberProjectInEclipsce - asserting the tittle
2024-06-25 16:36:59,492 [main] INFO BDDCucumberProjectInEclipsce - looging out
2024-06-25 16:37:03,842 [main] INFO BDDCucumberProjectInEclipsce - asserting the tittle
2024-06-25 16:37:03,851 [main] INFO BDDCucumberProjectInEclipsce - closing the browser
2024-06-25 16:37:07,271 [main] INFO BDDCucumberProjectInEclipsce - launching browser
2024-06-25 16:37:07,272 [main] INFO BDDCucumberProjectInEclipsce - entering url
2024-06-25 16:37:08,161 [main] INFO BDDCucumberProjectInEclipsce - logging in
2024-06-25 16:37:12,527 [main] INFO BDDCucumberProjectInEclipsce - asserting the tittle
2024-06-25 16:37:12,530 [main] INFO BDDCucumberProjectInEclipsce - looging out
2024-06-25 16:37:16,738 [main] INFO BDDCucumberProjectInEclipsce - asserting the tittle
2024-06-25 16:37:16,744 [main] INFO BDDCucumberProjectInEclipsce - closing the browser
2024-06-25 16:37:19,739 [main] INFO BDDCucumberProjectInEclipsce - launching browser
2024-06-25 16:37:19,740 [main] INFO BDDCucumberProjectInEclipsce - entering url
2024-06-25 16:37:20,273 [main] INFO BDDCucumberProjectInEclipsce - logging in
2024-06-25 16:37:27,378 [main] INFO BDDCucumberProjectInEclipsce - asserting the tittle
2024-06-25 16:37:27,380 [main] INFO BDDCucumberProjectInEclipsce - looging out
2024-06-25 16:37:32,003 [main] INFO BDDCucumberProjectInEclipsce - asserting the tittle
2024-06-25 16:37:32,008 [main] INFO BDDCucumberProjectInEclipsce - closing the browser
2024-06-25 16:39:05,034 [main] INFO BDDCucumberProjectInEclipsce - launching browser
2024-06-25 16:39:05,046 [main] INFO BDDCucumberProjectInEclipsce - entering url
2024-06-25 16:39:06,205 [main] INFO BDDCucumberProjectInEclipsce - logging in
2024-06-25 16:39:10,744 [main] INFO BDDCucumberProjectInEclipsce - asserting the tittle
2024-06-25 16:39:10,747 [main] INFO BDDCucumberProjectInEclipsce - looging out
2024-06-25 16:39:15,024 [main] INFO BDDCucumberProjectInEclipsce - asserting the tittle
2024-06-25 16:39:15,029 [main] INFO BDDCucumberProjectInEclipsce - closing the browser
2024-06-25 16:39:17,723 [main] INFO BDDCucumberProjectInEclipsce - launching browser
2024-06-25 16:39:17,724 [main] INFO BDDCucumberProjectInEclipsce - entering url
2024-06-25 16:39:18,284 [main] INFO BDDCucumberProjectInEclipsce - logging in
2024-06-25 16:39:22,469 [main] INFO BDDCucumberProjectInEclipsce - asserting the tittle
2024-06-25 16:39:22,473 [main] INFO BDDCucumberProjectInEclipsce - looging out
2024-06-25 16:39:26,788 [main] INFO BDDCucumberProjectInEclipsce - asserting the tittle
2024-06-25 16:39:26,794 [main] INFO BDDCucumberProjectInEclipsce - closing the browser
2024-06-25 16:39:30,387 [main] INFO BDDCucumberProjectInEclipsce - launching browser
2024-06-25 16:39:30,389 [main] INFO BDDCucumberProjectInEclipsce - entering url
2024-06-25 16:39:30,884 [main] INFO BDDCucumberProjectInEclipsce - logging in
2024-06-25 16:39:35,418 [main] INFO BDDCucumberProjectInEclipsce - asserting the tittle
2024-06-25 16:39:35,421 [main] INFO BDDCucumberProjectInEclipsce - looging out
2024-06-25 16:39:39,839 [main] INFO BDDCucumberProjectInEclipsce - asserting the tittle
2024-06-25 16:39:39,844 [main] INFO BDDCucumberProjectInEclipsce - closing the browser
2024-06-25 16:43:40,012 [main] INFO BDDCucumberProjectInEclipsce - launching browser
2024-06-25 16:43:40,023 [main] INFO BDDCucumberProjectInEclipsce - entering url
2024-06-25 16:43:41,284 [main] INFO BDDCucumberProjectInEclipsce - logging in
2024-06-25 16:43:51,888 [main] INFO BDDCucumberProjectInEclipsce - asserting the tittle
2024-06-25 16:43:51,891 [main] INFO BDDCucumberProjectInEclipsce - looging out
2024-06-25 16:44:00,156 [main] INFO BDDCucumberProjectInEclipsce - asserting the tittle
2024-06-25 16:44:02,988 [main] INFO BDDCucumberProjectInEclipsce - launching browser
2024-06-25 16:44:02,990 [main] INFO BDDCucumberProjectInEclipsce - entering url
2024-06-25 16:44:04,224 [main] INFO BDDCucumberProjectInEclipsce - logging in
2024-06-25 16:44:09,746 [main] INFO BDDCucumberProjectInEclipsce - asserting the tittle
2024-06-25 16:44:09,748 [main] INFO BDDCucumberProjectInEclipsce - looging out
2024-06-25 16:44:12,643 [main] INFO BDDCucumberProjectInEclipsce - launching browser
2024-06-25 16:44:12,644 [main] INFO BDDCucumberProjectInEclipsce - entering url
2024-06-25 16:44:13,902 [main] INFO BDDCucumberProjectInEclipsce - logging in
2024-06-25 16:44:21,197 [main] INFO BDDCucumberProjectInEclipsce - asserting the tittle
2024-06-25 16:44:21,201 [main] INFO BDDCucumberProjectInEclipsce - looging out
2024-06-25 16:44:25,326 [main] INFO BDDCucumberProjectInEclipsce - asserting the tittle
2024-06-25 16:44:25,331 [main] INFO BDDCucumberProjectInEclipsce - closing the browser
2024-06-25 16:46:01,650 [main] INFO BDDCucumberProjectInEclipsce - launching browser
2024-06-25 16:46:01,662 [main] INFO BDDCucumberProjectInEclipsce - entering url
2024-06-25 16:46:02,219 [main] INFO BDDCucumberProjectInEclipsce - logging in
2024-06-25 16:46:06,474 [main] INFO BDDCucumberProjectInEclipsce - asserting the tittle
2024-06-25 16:46:06,479 [main] INFO BDDCucumberProjectInEclipsce - looging out
2024-06-25 16:46:10,755 [main] INFO BDDCucumberProjectInEclipsce - asserting the tittle
2024-06-25 16:46:10,760 [main] INFO BDDCucumberProjectInEclipsce - closing the browser
2024-06-25 16:46:13,616 [main] INFO BDDCucumberProjectInEclipsce - launching browser
2024-06-25 16:46:13,617 [main] INFO BDDCucumberProjectInEclipsce - entering url
2024-06-25 16:46:14,141 [main] INFO BDDCucumberProjectInEclipsce - logging in
2024-06-25 16:46:18,630 [main] INFO BDDCucumberProjectInEclipsce - asserting the tittle
2024-06-25 16:46:18,635 [main] INFO BDDCucumberProjectInEclipsce - looging out
2024-06-25 16:46:23,007 [main] INFO BDDCucumberProjectInEclipsce - asserting the tittle
2024-06-25 16:46:23,012 [main] INFO BDDCucumberProjectInEclipsce - closing the browser
2024-06-25 16:46:25,723 [main] INFO BDDCucumberProjectInEclipsce - launching browser
2024-06-25 16:46:25,724 [main] INFO BDDCucumberProjectInEclipsce - entering url
2024-06-25 16:46:26,415 [main] INFO BDDCucumberProjectInEclipsce - logging in
2024-06-25 16:46:30,788 [main] INFO BDDCucumberProjectInEclipsce - asserting the tittle
2024-06-25 16:46:30,792 [main] INFO BDDCucumberProjectInEclipsce - looging out
2024-06-25 16:46:35,004 [main] INFO BDDCucumberProjectInEclipsce - asserting the tittle
2024-06-25 16:46:35,008 [main] INFO BDDCucumberProjectInEclipsce - closing the browser
2024-06-25 16:48:13,070 [main] INFO BDDCucumberProjectInEclipsce - launching browser
2024-06-25 16:48:13,091 [main] INFO BDDCucumberProjectInEclipsce - entering url
2024-06-25 16:48:14,323 [main] INFO BDDCucumberProjectInEclipsce - logging in
2024-06-25 16:48:20,216 [main] INFO BDDCucumberProjectInEclipsce - asserting the tittle
2024-06-25 16:48:20,226 [main] INFO BDDCucumberProjectInEclipsce - looging out
2024-06-25 16:48:24,504 [main] INFO BDDCucumberProjectInEclipsce - asserting the tittle
2024-06-25 16:48:24,507 [main] INFO BDDCucumberProjectInEclipsce - closing the browser
2024-06-25 16:48:27,481 [main] INFO BDDCucumberProjectInEclipsce - launching browser
2024-06-25 16:48:27,482 [main] INFO BDDCucumberProjectInEclipsce - entering url
2024-06-25 16:48:28,069 [main] INFO BDDCucumberProjectInEclipsce - logging in
2024-06-25 16:48:33,019 [main] INFO BDDCucumberProjectInEclipsce - asserting the tittle
2024-06-25 16:48:33,023 [main] INFO BDDCucumberProjectInEclipsce - looging out
2024-06-25 16:48:37,203 [main] INFO BDDCucumberProjectInEclipsce - asserting the tittle
2024-06-25 16:48:37,206 [main] INFO BDDCucumberProjectInEclipsce - closing the browser
2024-06-25 16:48:39,917 [main] INFO BDDCucumberProjectInEclipsce - launching browser
2024-06-25 16:48:39,918 [main] INFO BDDCucumberProjectInEclipsce - entering url
2024-06-25 16:48:41,113 [main] INFO BDDCucumberProjectInEclipsce - logging in
2024-06-25 16:48:45,632 [main] INFO BDDCucumberProjectInEclipsce - asserting the tittle
2024-06-25 16:48:45,638 [main] INFO BDDCucumberProjectInEclipsce - looging out
2024-06-25 16:48:49,834 [main] INFO BDDCucumberProjectInEclipsce - asserting the tittle
2024-06-25 16:48:49,837 [main] INFO BDDCucumberProjectInEclipsce - closing the browser
